<?xml version="1.0" encoding="UTF-8"?>
<!-- Generated by org.testng.reporters.JUnitReportReporter -->
<testsuite hostname="KGFSLWS757" name="cucumberjvm.BDD.Runner.RunCukesTest" tests="1" failures="0" timestamp="9 Mar 2016 06:30:20 GMT" time="0.083" errors="0">
  <testcase name="feature" time="0.083" classname="cucumberjvm.BDD.Runner.RunCukesTest"/>
</testsuite> <!-- cucumberjvm.BDD.Runner.RunCukesTest -->
